<?xml version="1.0" encoding="UTF-8"?>
<!-- Generated by org.testng.reporters.JUnitXMLReporter -->
<testsuite ignored="4" hostname="user" failures="0" tests="1" name="Default test" time="13.723" errors="0" timestamp="2026-03-19T09:55:47 IST">
  <testcase classname="com.inhabitr.tests.ViewQuoteTest" name="deleteProject" time="6.116"/>
  <testcase classname="com.inhabitr.tests.ViewQuoteTest" name="clickOnViewQuote" time="0.0">
    <ignored/>
  </testcase> <!-- clickOnViewQuote -->
  <testcase classname="com.inhabitr.tests.ViewQuoteTest" name="clickOnDuplicateButtonk" time="0.0">
    <ignored/>
  </testcase> <!-- clickOnDuplicateButtonk -->
  <testcase classname="com.inhabitr.tests.ViewQuoteTest" name="clickOnSignedSalesOrderLink" time="0.0">
    <ignored/>
  </testcase> <!-- clickOnSignedSalesOrderLink -->
  <testcase classname="com.inhabitr.tests.ViewQuoteTest" name="clickOnFloorPlanLink" time="0.0">
    <ignored/>
  </testcase> <!-- clickOnFloorPlanLink -->
</testsuite> <!-- Default test -->
