<?xml version="1.0" encoding="UTF-8"?>
<!-- Generated by org.testng.reporters.JUnitReportReporter -->
<testsuite hostname="user" failures="0" tests="2" name="com.inhabitr.tests.HomePageTest" time="9.793" errors="0" timestamp="2026-01-13T15:54:09 IST" skipped="0">
  <testcase classname="com.inhabitr.tests.HomePageTest" name="verifyLoginButtonClickNavigatesToLoginPageTest" time="5.676"/>
  <testcase classname="com.inhabitr.tests.HomePageTest" name="verifyRegisterButtonClickNavigatesToRegisterPageTest" time="4.117"/>
</testsuite> <!-- com.inhabitr.tests.HomePageTest -->
