<?xml version="1.0" encoding="UTF-8"?>
<testng-results ignored="0" total="1" passed="1" failed="0" skipped="0">
  <reporter-output>
  </reporter-output>
  <suite started-at="2026-03-16T11:15:12 IST" name="Default suite" finished-at="2026-03-16T11:15:27 IST" duration-ms="14885">
    <groups>
    </groups>
    <test started-at="2026-03-16T11:15:12 IST" name="Default test" finished-at="2026-03-16T11:15:27 IST" duration-ms="14885">
      <class name="com.inhabitr.tests.ViewQuoteTest">
        <test-method is-config="true" signature="setupReport()[pri:0, instance:com.inhabitr.tests.ViewQuoteTest@3eb25e1a]" started-at="2026-03-16T11:15:12 IST" name="setupReport" finished-at="2026-03-16T11:15:12 IST" duration-ms="150" status="PASS">
          <reporter-output>
          </reporter-output>
        </test-method> <!-- setupReport -->
        <test-method is-config="true" signature="baseSetup(java.lang.reflect.Method)[pri:0, instance:com.inhabitr.tests.ViewQuoteTest@3eb25e1a]" started-at="2026-03-16T11:15:12 IST" name="baseSetup" finished-at="2026-03-16T11:15:17 IST" duration-ms="4381" status="PASS">
          <params>
            <param index="0">
              <value>
                <![CDATA[public void com.inhabitr.tests.ViewQuoteTest.clickOnViewQuote()]]>
              </value>
            </param>
          </params>
          <reporter-output>
          </reporter-output>
        </test-method> <!-- baseSetup -->
        <test-method is-config="true" signature="setupPage()[pri:0, instance:com.inhabitr.tests.ViewQuoteTest@3eb25e1a]" started-at="2026-03-16T11:15:17 IST" name="setupPage" finished-at="2026-03-16T11:15:20 IST" duration-ms="2715" status="PASS">
          <reporter-output>
          </reporter-output>
        </test-method> <!-- setupPage -->
        <test-method signature="clickOnViewQuote()[pri:0, instance:com.inhabitr.tests.ViewQuoteTest@3eb25e1a]" started-at="2026-03-16T11:15:20 IST" name="clickOnViewQuote" finished-at="2026-03-16T11:15:27 IST" duration-ms="7604" status="PASS">
          <reporter-output>
          </reporter-output>
        </test-method> <!-- clickOnViewQuote -->
        <test-method is-config="true" signature="tearDown()[pri:0, instance:com.inhabitr.tests.ViewQuoteTest@3eb25e1a]" started-at="2026-03-16T11:15:27 IST" name="tearDown" finished-at="2026-03-16T11:15:27 IST" duration-ms="155" status="PASS">
          <reporter-output>
          </reporter-output>
        </test-method> <!-- tearDown -->
        <test-method is-config="true" signature="flushReport()[pri:0, instance:com.inhabitr.tests.ViewQuoteTest@3eb25e1a]" started-at="2026-03-16T11:15:27 IST" name="flushReport" finished-at="2026-03-16T11:15:27 IST" duration-ms="181" status="PASS">
          <reporter-output>
          </reporter-output>
        </test-method> <!-- flushReport -->
      </class> <!-- com.inhabitr.tests.ViewQuoteTest -->
    </test> <!-- Default test -->
  </suite> <!-- Default suite -->
</testng-results>
