<?xml version="1.0" encoding="UTF-8"?>
<testng-results ignored="4" total="5" passed="1" failed="0" skipped="0">
  <reporter-output>
  </reporter-output>
  <suite started-at="2026-03-19T09:55:33 IST" name="Default suite" finished-at="2026-03-19T09:55:47 IST" duration-ms="13723">
    <groups>
    </groups>
    <test started-at="2026-03-19T09:55:33 IST" name="Default test" finished-at="2026-03-19T09:55:47 IST" duration-ms="13723">
      <class name="com.inhabitr.tests.ViewQuoteTest">
        <test-method is-config="true" signature="setupReport()[pri:0, instance:com.inhabitr.tests.ViewQuoteTest@233795b6]" started-at="2026-03-19T09:55:33 IST" name="setupReport" finished-at="2026-03-19T09:55:33 IST" duration-ms="157" status="PASS">
          <reporter-output>
          </reporter-output>
        </test-method> <!-- setupReport -->
        <test-method is-config="true" signature="baseSetup(java.lang.reflect.Method)[pri:0, instance:com.inhabitr.tests.ViewQuoteTest@233795b6]" started-at="2026-03-19T09:55:33 IST" name="baseSetup" finished-at="2026-03-19T09:55:39 IST" duration-ms="5377" status="PASS">
          <params>
            <param index="0">
              <value>
                <![CDATA[public void com.inhabitr.tests.ViewQuoteTest.deleteProject() throws java.lang.InterruptedException]]>
              </value>
            </param>
          </params>
          <reporter-output>
          </reporter-output>
        </test-method> <!-- baseSetup -->
        <test-method is-config="true" signature="setupPage()[pri:0, instance:com.inhabitr.tests.ViewQuoteTest@233795b6]" started-at="2026-03-19T09:55:39 IST" name="setupPage" finished-at="2026-03-19T09:55:41 IST" duration-ms="1959" status="PASS">
          <reporter-output>
          </reporter-output>
        </test-method> <!-- setupPage -->
        <test-method signature="deleteProject()[pri:0, instance:com.inhabitr.tests.ViewQuoteTest@233795b6]" started-at="2026-03-19T09:55:41 IST" name="deleteProject" finished-at="2026-03-19T09:55:47 IST" duration-ms="6116" status="PASS">
          <reporter-output>
          </reporter-output>
        </test-method> <!-- deleteProject -->
        <test-method is-config="true" signature="tearDown()[pri:0, instance:com.inhabitr.tests.ViewQuoteTest@233795b6]" started-at="2026-03-19T09:55:47 IST" name="tearDown" finished-at="2026-03-19T09:55:47 IST" duration-ms="235" status="PASS">
          <reporter-output>
          </reporter-output>
        </test-method> <!-- tearDown -->
        <test-method is-config="true" signature="flushReport()[pri:0, instance:com.inhabitr.tests.ViewQuoteTest@233795b6]" started-at="2026-03-19T09:55:47 IST" name="flushReport" finished-at="2026-03-19T09:55:47 IST" duration-ms="238" status="PASS">
          <reporter-output>
          </reporter-output>
        </test-method> <!-- flushReport -->
      </class> <!-- com.inhabitr.tests.ViewQuoteTest -->
    </test> <!-- Default test -->
  </suite> <!-- Default suite -->
</testng-results>
