<?xml version="1.0" encoding="UTF-8"?>
<!-- Generated by org.testng.reporters.JUnitXMLReporter -->
<testsuite ignored="4" hostname="user" failures="0" tests="1" name="Home Page Tests" time="15.198" errors="0" timestamp="2026-01-12T17:34:46 IST">
  <testcase classname="com.inhabitr.tests.HomePageTest" name="verifyLogoPresenceTest" time="0.084"/>
  <testcase classname="com.inhabitr.tests.HomePageTest" name="verifyHomePageTitleTest" time="0.0">
    <ignored/>
  </testcase> <!-- verifyHomePageTitleTest -->
  <testcase classname="com.inhabitr.tests.HomePageTest" name="verifyHomePageURLTest" time="0.0">
    <ignored/>
  </testcase> <!-- verifyHomePageURLTest -->
  <testcase classname="com.inhabitr.tests.HomePageTest" name="verifyLoginButtonClickNavigatesToLoginPageTest" time="0.0">
    <ignored/>
  </testcase> <!-- verifyLoginButtonClickNavigatesToLoginPageTest -->
  <testcase classname="com.inhabitr.tests.HomePageTest" name="verifyLoginButtonPresenceTest" time="0.0">
    <ignored/>
  </testcase> <!-- verifyLoginButtonPresenceTest -->
</testsuite> <!-- Home Page Tests -->
