<?xml version="1.0" encoding="UTF-8"?>
<!-- Generated by org.testng.reporters.JUnitXMLReporter -->
<testsuite ignored="5" hostname="user" failures="0" tests="1" name="Test" time="9.049" errors="0" timestamp="2026-01-12T17:14:10 IST">
  <testcase classname="com.inhabitr.tests.LoginPageTest" name="loginWithValidCredentialsTest" time="0.028">
    <skipped/>
  </testcase> <!-- loginWithValidCredentialsTest -->
  <testcase classname="com.inhabitr.tests.LoginPageTest" name="loginWithUnregisteredCredentialsTest" time="0.0">
    <ignored/>
  </testcase> <!-- loginWithUnregisteredCredentialsTest -->
  <testcase classname="com.inhabitr.tests.LoginPageTest" name="backAndForthScenariosTest" time="0.0">
    <ignored/>
  </testcase> <!-- backAndForthScenariosTest -->
  <testcase classname="com.inhabitr.tests.LoginPageTest" name="getPageTitleTest" time="0.0">
    <ignored/>
  </testcase> <!-- getPageTitleTest -->
  <testcase classname="com.inhabitr.tests.LoginPageTest" name="loginWithInvalidCredentialsTest" time="0.0">
    <ignored/>
  </testcase> <!-- loginWithInvalidCredentialsTest -->
  <testcase classname="com.inhabitr.tests.LoginPageTest" name="fieldsOnThePageTest" time="0.0">
    <ignored/>
  </testcase> <!-- fieldsOnThePageTest -->
</testsuite> <!-- Test -->
